<?xml version="1.0" encoding="UTF-8"?>
<!-- Generated by org.testng.reporters.JUnitReportReporter -->
<testsuite hostname="ShrutiLaptop" name="com.crm.qa.testCases.hellowworld" tests="1" failures="0" timestamp="9 Apr 2018 18:24:06 GMT" time="0.014" errors="0">
  <testcase name="hellowworldTest" time="0.014" classname="com.crm.qa.testCases.hellowworld"/>
</testsuite> <!-- com.crm.qa.testCases.hellowworld -->
