<?xml version="1.0" encoding="UTF-8"?>
<!-- Generated by org.testng.reporters.JUnitReportReporter -->
<testsuite hostname="ShrutiLaptop" name="com.test.helloworld.HelloWorld" tests="1" failures="0" timestamp="10 Apr 2018 05:04:33 GMT" time="0.012" errors="0">
  <testcase name="hellowWorldFn" time="0.012" classname="com.test.helloworld.HelloWorld"/>
</testsuite> <!-- com.test.helloworld.HelloWorld -->
